2025-11-08 08:33:13,053 - INFO - video_processor:42 - Video loaded: F:\Development\PyCharm\Projects\PodcastAvatarsApp\podcast_content\temp\output_6c4ee41e-db26-4b7e-906b-e427c486f44d.mp4, duration: 384.23333333333335s, fps: 30.0
2025-11-08 08:33:15,842 - INFO - audio_transcriber:32 - Whisper model 'base' loaded on cuda
2025-11-08 08:33:36,198 - INFO - content_analyzer:49 - CLIP model loaded on cuda
2025-11-08 08:33:36,604 - ERROR - content_analyzer:65 - Failed to load models: Failed to import transformers.models.roberta.modeling_tf_roberta because of the following error (look up to see its traceback):
Your currently installed version of Keras is Keras 3, but this is not yet supported in Transformers. Please install the backwards-compatible tf-keras package with `pip install tf-keras`.
Traceback (most recent call last):
  File "F:\Development\PyCharm\Projects\PodcastAvatarsApp\.venv\Lib\site-packages\transformers\activations_tf.py", line 22, in <module>
    import tf_keras as keras
ModuleNotFoundError: No module named 'tf_keras'

During handling of the above exception, another exception occurred:

Traceback (most recent call last):
  File "F:\Development\PyCharm\Projects\PodcastAvatarsApp\.venv\Lib\site-packages\transformers\utils\import_utils.py", line 1472, in _get_module
    return importlib.import_module("." + module_name, self.__name__)
           ^^^^^^^^^^^^^^^^^^^^^^^^^^^^^^^^^^^^^^^^^^^^^^^^^^^^^^^^^
  File "C:\Tools\Common\Python\python_3v11v9\Lib\importlib\__init__.py", line 126, in import_module
    return _bootstrap._gcd_import(name[level:], package, level)
           ^^^^^^^^^^^^^^^^^^^^^^^^^^^^^^^^^^^^^^^^^^^^^^^^^^^^
  File "<frozen importlib._bootstrap>", line 1204, in _gcd_import
  File "<frozen importlib._bootstrap>", line 1176, in _find_and_load
  File "<frozen importlib._bootstrap>", line 1147, in _find_and_load_unlocked
  File "<frozen importlib._bootstrap>", line 690, in _load_unlocked
  File "<frozen importlib._bootstrap_external>", line 940, in exec_module
  File "<frozen importlib._bootstrap>", line 241, in _call_with_frames_removed
  File "F:\Development\PyCharm\Projects\PodcastAvatarsApp\.venv\Lib\site-packages\transformers\models\roberta\modeling_tf_roberta.py", line 28, in <module>
    from ...activations_tf import get_tf_activation
  File "F:\Development\PyCharm\Projects\PodcastAvatarsApp\.venv\Lib\site-packages\transformers\activations_tf.py", line 27, in <module>
    raise ValueError(
ValueError: Your currently installed version of Keras is Keras 3, but this is not yet supported in Transformers. Please install the backwards-compatible tf-keras package with `pip install tf-keras`.

The above exception was the direct cause of the following exception:

Traceback (most recent call last):
  File "F:\Development\PyCharm\Projects\PodcastAvatarsApp\OpusClipApp\content_analyzer.py", line 57, in __init__
    self.sentiment_analyzer = pipeline(
                              ^^^^^^^^^
  File "F:\Development\PyCharm\Projects\PodcastAvatarsApp\.venv\Lib\site-packages\transformers\pipelines\__init__.py", line 905, in pipeline
    framework, model = infer_framework_load_model(
                       ^^^^^^^^^^^^^^^^^^^^^^^^^^^
  File "F:\Development\PyCharm\Projects\PodcastAvatarsApp\.venv\Lib\site-packages\transformers\pipelines\base.py", line 254, in infer_framework_load_model
    _class = getattr(transformers_module, f"TF{architecture}", None)
             ^^^^^^^^^^^^^^^^^^^^^^^^^^^^^^^^^^^^^^^^^^^^^^^^^^^^^^^
  File "F:\Development\PyCharm\Projects\PodcastAvatarsApp\.venv\Lib\site-packages\transformers\utils\import_utils.py", line 1463, in __getattr__
    value = getattr(module, name)
            ^^^^^^^^^^^^^^^^^^^^^
  File "F:\Development\PyCharm\Projects\PodcastAvatarsApp\.venv\Lib\site-packages\transformers\utils\import_utils.py", line 1462, in __getattr__
    module = self._get_module(self._class_to_module[name])
             ^^^^^^^^^^^^^^^^^^^^^^^^^^^^^^^^^^^^^^^^^^^^^
  File "F:\Development\PyCharm\Projects\PodcastAvatarsApp\.venv\Lib\site-packages\transformers\utils\import_utils.py", line 1474, in _get_module
    raise RuntimeError(
RuntimeError: Failed to import transformers.models.roberta.modeling_tf_roberta because of the following error (look up to see its traceback):
Your currently installed version of Keras is Keras 3, but this is not yet supported in Transformers. Please install the backwards-compatible tf-keras package with `pip install tf-keras`.
2025-11-08 08:33:36,708 - INFO - video_processor:182 - Video resources released
2025-11-08 08:36:57,205 - INFO - video_processor:42 - Video loaded: F:\Development\PyCharm\Projects\PodcastAvatarsApp\podcast_content\temp\output_6c4ee41e-db26-4b7e-906b-e427c486f44d.mp4, duration: 384.23333333333335s, fps: 30.0
2025-11-08 08:36:59,239 - INFO - audio_transcriber:32 - Whisper model 'base' loaded on cuda
2025-11-08 08:37:01,915 - INFO - content_analyzer:49 - CLIP model loaded on cuda
2025-11-08 08:37:13,310 - INFO - content_analyzer:62 - Sentiment analysis model loaded
2025-11-08 08:37:13,310 - INFO - subtitle_generator:31 - Initialized SubtitleGenerator
2025-11-08 08:37:13,311 - INFO - clip_generator:47 - Initialized ClipGenerator with video: F:\Development\PyCharm\Projects\PodcastAvatarsApp\podcast_content\temp\output_6c4ee41e-db26-4b7e-906b-e427c486f44d.mp4, output_dir: F:\Development\PyCharm\Projects\PodcastAvatarsApp\podcast_content\output\shorts, CUDA available: True, use_background: True, background_color: white
2025-11-08 08:37:13,311 - INFO - clip_generator:51 - CUDA device: NVIDIA GeForce GTX 1050
2025-11-08 08:37:16,090 - INFO - video_processor:67 - Audio extracted to: temp_audio.wav
2025-11-08 08:38:04,012 - INFO - audio_transcriber:88 - Transcription saved to: F:\Development\PyCharm\Projects\PodcastAvatarsApp\podcast_content\transcriptions\transcription_output_6c4ee41e-db26-4b7e-906b-e427c486f44d.mp4.json
2025-11-08 08:38:50,484 - INFO - content_analyzer:179 - Analysis scores saved to: F:\Development\PyCharm\Projects\PodcastAvatarsApp\podcast_content\analyses\analysis_output_6c4ee41e-db26-4b7e-906b-e427c486f44d.mp4.json
2025-11-08 08:38:50,546 - INFO - clip_generator:330 - Processing clip 1 with start_time=89.16s
2025-11-08 08:38:50,547 - WARNING - subtitle_generator:94 - Invalid timing for segment at 178.9s: start=89.74000000000001, end=89.74000000000001, skipping
2025-11-08 08:38:50,548 - INFO - subtitle_generator:108 - SRT file created: F:\Development\PyCharm\Projects\PodcastAvatarsApp\podcast_content\output\shorts\temp_subtitle_1.srt
2025-11-08 08:38:50,548 - INFO - clip_generator:363 - Formatted subtitles path for FFmpeg: F\:/Development/PyCharm/Projects/PodcastAvatarsApp/podcast_content/output/shorts/temp_subtitle_1.srt
2025-11-08 08:38:50,548 - INFO - clip_generator:367 - FFmpeg subtitle style: FontName=Candara-Bold,FontSize=10,PrimaryColour=&H00FFFFFF,BorderStyle=1,Outline=2,Alignment=2,MarginV=60
2025-11-08 08:38:50,549 - INFO - clip_generator:371 - FFmpeg subtitle style: FontName=Candara-Bold,FontSize=10,PrimaryColour=&H00FFFFFF,BorderStyle=1,Outline=2,Alignment=2,MarginV=60,BackColour=white
2025-11-08 08:38:50,549 - INFO - clip_generator:138 - Starting FFmpeg for clip 1: ffmpeg -y -progress pipe:2 -y -hwaccel cuda -ss 89.16 -i F:\Development\PyCharm\Projects\PodcastAvatarsApp\podcast_content\temp\output_6c4ee41e-db26-4b7e-906b-e427c486f44d.mp4 -t 89.74000000000001 -filter_complex [0:v]crop='if(gt(ih,iw/0.5625),iw,ih*0.5625)':ih,scale='if(gt(iw,ih/0.5625),iw,ih*0.5625)':ih:force_original_aspect_ratio=increase,scale=1080:1920:force_original_aspect_ratio=decrease,pad=1080:1920:(ow-iw)/2:(oh-ih)/2,setsar=1,subtitles='F\:/Development/PyCharm/Projects/PodcastAvatarsApp/podcast_content/output/shorts/temp_subtitle_1.srt':force_style='FontName=Candara-Bold,FontSize=10,PrimaryColour=&H00FFFFFF,BorderStyle=1,Outline=2,Alignment=2,MarginV=60,BackColour=white'[final_v];[0:a]asetpts=PTS-STARTPTS[final_a] -map [final_v] -map [final_a] -c:v h264_nvenc -preset p7 -b:v 5000k -c:a aac -b:a 192k F:\Development\PyCharm\Projects\PodcastAvatarsApp\podcast_content\output\shorts\short_21d0c9ea-afe2-405a-b512-5b109a671c8c.mp4
2025-11-08 08:39:05,978 - INFO - clip_generator:201 - Progress [██████████████████████████████] 100.00% - Process completed successfully!
2025-11-08 08:39:05,978 - INFO - clip_generator:405 - Generated clip with subtitles: F:\Development\PyCharm\Projects\PodcastAvatarsApp\podcast_content\output\shorts\short_21d0c9ea-afe2-405a-b512-5b109a671c8c.mp4
2025-11-08 08:39:05,978 - INFO - clip_generator:330 - Processing clip 2 with start_time=0.0s
2025-11-08 08:39:05,979 - WARNING - subtitle_generator:94 - Invalid timing for segment at 89.16s: start=89.16, end=89.16, skipping
2025-11-08 08:39:05,980 - INFO - subtitle_generator:108 - SRT file created: F:\Development\PyCharm\Projects\PodcastAvatarsApp\podcast_content\output\shorts\temp_subtitle_2.srt
2025-11-08 08:39:05,980 - INFO - clip_generator:363 - Formatted subtitles path for FFmpeg: F\:/Development/PyCharm/Projects/PodcastAvatarsApp/podcast_content/output/shorts/temp_subtitle_2.srt
2025-11-08 08:39:05,981 - INFO - clip_generator:367 - FFmpeg subtitle style: FontName=Candara-Bold,FontSize=10,PrimaryColour=&H00FFFFFF,BorderStyle=1,Outline=2,Alignment=2,MarginV=60
2025-11-08 08:39:05,981 - INFO - clip_generator:371 - FFmpeg subtitle style: FontName=Candara-Bold,FontSize=10,PrimaryColour=&H00FFFFFF,BorderStyle=1,Outline=2,Alignment=2,MarginV=60,BackColour=white
2025-11-08 08:39:05,981 - INFO - clip_generator:138 - Starting FFmpeg for clip 2: ffmpeg -y -progress pipe:2 -y -hwaccel cuda -ss 0.0 -i F:\Development\PyCharm\Projects\PodcastAvatarsApp\podcast_content\temp\output_6c4ee41e-db26-4b7e-906b-e427c486f44d.mp4 -t 89.16 -filter_complex [0:v]crop='if(gt(ih,iw/0.5625),iw,ih*0.5625)':ih,scale='if(gt(iw,ih/0.5625),iw,ih*0.5625)':ih:force_original_aspect_ratio=increase,scale=1080:1920:force_original_aspect_ratio=decrease,pad=1080:1920:(ow-iw)/2:(oh-ih)/2,setsar=1,subtitles='F\:/Development/PyCharm/Projects/PodcastAvatarsApp/podcast_content/output/shorts/temp_subtitle_2.srt':force_style='FontName=Candara-Bold,FontSize=10,PrimaryColour=&H00FFFFFF,BorderStyle=1,Outline=2,Alignment=2,MarginV=60,BackColour=white'[final_v];[0:a]asetpts=PTS-STARTPTS[final_a] -map [final_v] -map [final_a] -c:v h264_nvenc -preset p7 -b:v 5000k -c:a aac -b:a 192k F:\Development\PyCharm\Projects\PodcastAvatarsApp\podcast_content\output\shorts\short_851cd4a5-6e51-4570-b1cf-5a00c4b501b1.mp4
2025-11-08 08:39:21,440 - INFO - clip_generator:201 - Progress [██████████████████████████████] 100.00% - Process completed successfully!
2025-11-08 08:39:21,440 - INFO - clip_generator:405 - Generated clip with subtitles: F:\Development\PyCharm\Projects\PodcastAvatarsApp\podcast_content\output\shorts\short_851cd4a5-6e51-4570-b1cf-5a00c4b501b1.mp4
2025-11-08 08:39:21,440 - INFO - clip_generator:330 - Processing clip 3 with start_time=346.65999999999997s
2025-11-08 08:39:21,440 - WARNING - clip_generator:110 - Calculated duration 37.60000000000002s is less than min_duration 60s, using max_duration 90s
2025-11-08 08:39:21,443 - INFO - subtitle_generator:108 - SRT file created: F:\Development\PyCharm\Projects\PodcastAvatarsApp\podcast_content\output\shorts\temp_subtitle_3.srt
2025-11-08 08:39:21,444 - INFO - clip_generator:363 - Formatted subtitles path for FFmpeg: F\:/Development/PyCharm/Projects/PodcastAvatarsApp/podcast_content/output/shorts/temp_subtitle_3.srt
2025-11-08 08:39:21,445 - INFO - clip_generator:367 - FFmpeg subtitle style: FontName=Candara-Bold,FontSize=10,PrimaryColour=&H00FFFFFF,BorderStyle=1,Outline=2,Alignment=2,MarginV=60
2025-11-08 08:39:21,445 - INFO - clip_generator:371 - FFmpeg subtitle style: FontName=Candara-Bold,FontSize=10,PrimaryColour=&H00FFFFFF,BorderStyle=1,Outline=2,Alignment=2,MarginV=60,BackColour=white
2025-11-08 08:39:21,445 - INFO - clip_generator:138 - Starting FFmpeg for clip 3: ffmpeg -y -progress pipe:2 -y -hwaccel cuda -ss 346.65999999999997 -i F:\Development\PyCharm\Projects\PodcastAvatarsApp\podcast_content\temp\output_6c4ee41e-db26-4b7e-906b-e427c486f44d.mp4 -t 90 -filter_complex [0:v]crop='if(gt(ih,iw/0.5625),iw,ih*0.5625)':ih,scale='if(gt(iw,ih/0.5625),iw,ih*0.5625)':ih:force_original_aspect_ratio=increase,scale=1080:1920:force_original_aspect_ratio=decrease,pad=1080:1920:(ow-iw)/2:(oh-ih)/2,setsar=1,subtitles='F\:/Development/PyCharm/Projects/PodcastAvatarsApp/podcast_content/output/shorts/temp_subtitle_3.srt':force_style='FontName=Candara-Bold,FontSize=10,PrimaryColour=&H00FFFFFF,BorderStyle=1,Outline=2,Alignment=2,MarginV=60,BackColour=white'[final_v];[0:a]asetpts=PTS-STARTPTS[final_a] -map [final_v] -map [final_a] -c:v h264_nvenc -preset p7 -b:v 5000k -c:a aac -b:a 192k F:\Development\PyCharm\Projects\PodcastAvatarsApp\podcast_content\output\shorts\short_a680b120-002a-4fff-bb99-29a561c3b550.mp4
2025-11-08 08:39:27,101 - INFO - clip_generator:201 - Progress [██████████████████████████████] 100.00% - Process completed successfully!
2025-11-08 08:39:27,101 - INFO - clip_generator:405 - Generated clip with subtitles: F:\Development\PyCharm\Projects\PodcastAvatarsApp\podcast_content\output\shorts\short_a680b120-002a-4fff-bb99-29a561c3b550.mp4
2025-11-08 08:39:27,101 - INFO - clip_generator:330 - Processing clip 4 with start_time=248.98s
2025-11-08 08:39:27,102 - WARNING - subtitle_generator:94 - Invalid timing for segment at 332.14s: start=83.16, end=83.16, skipping
2025-11-08 08:39:27,103 - INFO - subtitle_generator:108 - SRT file created: F:\Development\PyCharm\Projects\PodcastAvatarsApp\podcast_content\output\shorts\temp_subtitle_4.srt
2025-11-08 08:39:27,104 - INFO - clip_generator:363 - Formatted subtitles path for FFmpeg: F\:/Development/PyCharm/Projects/PodcastAvatarsApp/podcast_content/output/shorts/temp_subtitle_4.srt
2025-11-08 08:39:27,104 - INFO - clip_generator:367 - FFmpeg subtitle style: FontName=Candara-Bold,FontSize=10,PrimaryColour=&H00FFFFFF,BorderStyle=1,Outline=2,Alignment=2,MarginV=60
2025-11-08 08:39:27,104 - INFO - clip_generator:371 - FFmpeg subtitle style: FontName=Candara-Bold,FontSize=10,PrimaryColour=&H00FFFFFF,BorderStyle=1,Outline=2,Alignment=2,MarginV=60,BackColour=white
2025-11-08 08:39:27,104 - INFO - clip_generator:138 - Starting FFmpeg for clip 4: ffmpeg -y -progress pipe:2 -y -hwaccel cuda -ss 248.98 -i F:\Development\PyCharm\Projects\PodcastAvatarsApp\podcast_content\temp\output_6c4ee41e-db26-4b7e-906b-e427c486f44d.mp4 -t 83.16 -filter_complex [0:v]crop='if(gt(ih,iw/0.5625),iw,ih*0.5625)':ih,scale='if(gt(iw,ih/0.5625),iw,ih*0.5625)':ih:force_original_aspect_ratio=increase,scale=1080:1920:force_original_aspect_ratio=decrease,pad=1080:1920:(ow-iw)/2:(oh-ih)/2,setsar=1,subtitles='F\:/Development/PyCharm/Projects/PodcastAvatarsApp/podcast_content/output/shorts/temp_subtitle_4.srt':force_style='FontName=Candara-Bold,FontSize=10,PrimaryColour=&H00FFFFFF,BorderStyle=1,Outline=2,Alignment=2,MarginV=60,BackColour=white'[final_v];[0:a]asetpts=PTS-STARTPTS[final_a] -map [final_v] -map [final_a] -c:v h264_nvenc -preset p7 -b:v 5000k -c:a aac -b:a 192k F:\Development\PyCharm\Projects\PodcastAvatarsApp\podcast_content\output\shorts\short_a75c57a9-cadb-4e1b-ae06-7c1519ab13ae.mp4
2025-11-08 08:39:39,210 - INFO - clip_generator:201 - Progress [██████████████████████████████] 100.00% - Process completed successfully!
2025-11-08 08:39:39,210 - INFO - clip_generator:405 - Generated clip with subtitles: F:\Development\PyCharm\Projects\PodcastAvatarsApp\podcast_content\output\shorts\short_a75c57a9-cadb-4e1b-ae06-7c1519ab13ae.mp4
2025-11-08 08:39:39,210 - INFO - clip_generator:330 - Processing clip 5 with start_time=219.78s
2025-11-08 08:39:39,211 - WARNING - subtitle_generator:94 - Invalid timing for segment at 304.94s: start=85.16, end=85.16, skipping
2025-11-08 08:39:39,212 - INFO - subtitle_generator:108 - SRT file created: F:\Development\PyCharm\Projects\PodcastAvatarsApp\podcast_content\output\shorts\temp_subtitle_5.srt
2025-11-08 08:39:39,213 - INFO - clip_generator:363 - Formatted subtitles path for FFmpeg: F\:/Development/PyCharm/Projects/PodcastAvatarsApp/podcast_content/output/shorts/temp_subtitle_5.srt
2025-11-08 08:39:39,213 - INFO - clip_generator:367 - FFmpeg subtitle style: FontName=Candara-Bold,FontSize=10,PrimaryColour=&H00FFFFFF,BorderStyle=1,Outline=2,Alignment=2,MarginV=60
2025-11-08 08:39:39,213 - INFO - clip_generator:371 - FFmpeg subtitle style: FontName=Candara-Bold,FontSize=10,PrimaryColour=&H00FFFFFF,BorderStyle=1,Outline=2,Alignment=2,MarginV=60,BackColour=white
2025-11-08 08:39:39,213 - INFO - clip_generator:138 - Starting FFmpeg for clip 5: ffmpeg -y -progress pipe:2 -y -hwaccel cuda -ss 219.78 -i F:\Development\PyCharm\Projects\PodcastAvatarsApp\podcast_content\temp\output_6c4ee41e-db26-4b7e-906b-e427c486f44d.mp4 -t 85.16 -filter_complex [0:v]crop='if(gt(ih,iw/0.5625),iw,ih*0.5625)':ih,scale='if(gt(iw,ih/0.5625),iw,ih*0.5625)':ih:force_original_aspect_ratio=increase,scale=1080:1920:force_original_aspect_ratio=decrease,pad=1080:1920:(ow-iw)/2:(oh-ih)/2,setsar=1,subtitles='F\:/Development/PyCharm/Projects/PodcastAvatarsApp/podcast_content/output/shorts/temp_subtitle_5.srt':force_style='FontName=Candara-Bold,FontSize=10,PrimaryColour=&H00FFFFFF,BorderStyle=1,Outline=2,Alignment=2,MarginV=60,BackColour=white'[final_v];[0:a]asetpts=PTS-STARTPTS[final_a] -map [final_v] -map [final_a] -c:v h264_nvenc -preset p7 -b:v 5000k -c:a aac -b:a 192k F:\Development\PyCharm\Projects\PodcastAvatarsApp\podcast_content\output\shorts\short_4f90b915-5349-4cf3-baca-c25f7ae3e43b.mp4
2025-11-08 08:39:51,566 - INFO - clip_generator:201 - Progress [██████████████████████████████] 100.00% - Process completed successfully!
2025-11-08 08:39:51,566 - INFO - clip_generator:405 - Generated clip with subtitles: F:\Development\PyCharm\Projects\PodcastAvatarsApp\podcast_content\output\shorts\short_4f90b915-5349-4cf3-baca-c25f7ae3e43b.mp4
2025-11-08 08:39:51,566 - INFO - clip_generator:428 - Generated 5 clips: ['F:\\Development\\PyCharm\\Projects\\PodcastAvatarsApp\\podcast_content\\output\\shorts\\short_21d0c9ea-afe2-405a-b512-5b109a671c8c.mp4', 'F:\\Development\\PyCharm\\Projects\\PodcastAvatarsApp\\podcast_content\\output\\shorts\\short_851cd4a5-6e51-4570-b1cf-5a00c4b501b1.mp4', 'F:\\Development\\PyCharm\\Projects\\PodcastAvatarsApp\\podcast_content\\output\\shorts\\short_a680b120-002a-4fff-bb99-29a561c3b550.mp4', 'F:\\Development\\PyCharm\\Projects\\PodcastAvatarsApp\\podcast_content\\output\\shorts\\short_a75c57a9-cadb-4e1b-ae06-7c1519ab13ae.mp4', 'F:\\Development\\PyCharm\\Projects\\PodcastAvatarsApp\\podcast_content\\output\\shorts\\short_4f90b915-5349-4cf3-baca-c25f7ae3e43b.mp4']
2025-11-08 08:39:51,569 - INFO - video_processor:182 - Video resources released
2025-11-08 08:39:51,569 - INFO - video_processor:182 - Video resources released
2025-11-08 08:57:18,539 - INFO - video_processor:42 - Video loaded: F:\Development\PyCharm\Projects\PodcastAvatarsApp\podcast_content\temp\output_6c4ee41e-db26-4b7e-906b-e427c486f44d.mp4, duration: 384.23333333333335s, fps: 30.0
2025-11-08 08:57:20,556 - INFO - audio_transcriber:32 - Whisper model 'base' loaded on cuda
2025-11-08 08:57:23,237 - INFO - content_analyzer:49 - CLIP model loaded on cuda
2025-11-08 08:57:29,281 - INFO - content_analyzer:62 - Sentiment analysis model loaded
2025-11-08 08:57:29,282 - INFO - subtitle_generator:31 - Initialized SubtitleGenerator
2025-11-08 08:57:29,282 - INFO - clip_generator:47 - Initialized ClipGenerator with video: F:\Development\PyCharm\Projects\PodcastAvatarsApp\podcast_content\temp\output_6c4ee41e-db26-4b7e-906b-e427c486f44d.mp4, output_dir: F:\Development\PyCharm\Projects\PodcastAvatarsApp\podcast_content\output\shorts, CUDA available: True, use_background: True, background_color: white
2025-11-08 08:57:29,282 - INFO - clip_generator:51 - CUDA device: NVIDIA GeForce GTX 1050
2025-11-08 08:57:29,658 - INFO - video_processor:67 - Audio extracted to: temp_audio.wav
2025-11-08 08:57:29,663 - INFO - clip_generator:330 - Processing clip 1 with start_time=89.16s
2025-11-08 08:57:29,663 - WARNING - subtitle_generator:94 - Invalid timing for segment at 178.9s: start=89.74000000000001, end=89.74000000000001, skipping
2025-11-08 08:57:29,664 - INFO - subtitle_generator:108 - SRT file created: F:\Development\PyCharm\Projects\PodcastAvatarsApp\podcast_content\output\shorts\temp_subtitle_1.srt
2025-11-08 08:57:29,665 - INFO - clip_generator:363 - Formatted subtitles path for FFmpeg: F\:/Development/PyCharm/Projects/PodcastAvatarsApp/podcast_content/output/shorts/temp_subtitle_1.srt
2025-11-08 08:57:29,665 - INFO - clip_generator:367 - FFmpeg subtitle style: FontName=Candara-Bold,FontSize=10,PrimaryColour=&H00FFFFFF,BorderStyle=1,Outline=2,Alignment=2,MarginV=60
2025-11-08 08:57:29,665 - INFO - clip_generator:371 - FFmpeg subtitle style: FontName=Candara-Bold,FontSize=10,PrimaryColour=&H00FFFFFF,BorderStyle=1,Outline=2,Alignment=2,MarginV=60,BackColour=white
2025-11-08 08:57:29,665 - INFO - clip_generator:138 - Starting FFmpeg for clip 1: ffmpeg -y -progress pipe:2 -y -hwaccel cuda -ss 89.16 -i F:\Development\PyCharm\Projects\PodcastAvatarsApp\podcast_content\temp\output_6c4ee41e-db26-4b7e-906b-e427c486f44d.mp4 -t 89.74000000000001 -filter_complex [0:v]crop='if(gt(ih,iw/0.5625),iw,ih*0.5625)':ih,scale='if(gt(iw,ih/0.5625),iw,ih*0.5625)':ih:force_original_aspect_ratio=increase,scale=1080:1920:force_original_aspect_ratio=decrease,pad=1080:1920:(ow-iw)/2:(oh-ih)/2,setsar=1,subtitles='F\:/Development/PyCharm/Projects/PodcastAvatarsApp/podcast_content/output/shorts/temp_subtitle_1.srt':force_style='FontName=Candara-Bold,FontSize=10,PrimaryColour=&H00FFFFFF,BorderStyle=1,Outline=2,Alignment=2,MarginV=60,BackColour=white'[final_v];[0:a]asetpts=PTS-STARTPTS[final_a] -map [final_v] -map [final_a] -c:v h264_nvenc -preset p7 -b:v 5000k -c:a aac -b:a 192k F:\Development\PyCharm\Projects\PodcastAvatarsApp\podcast_content\output\shorts\short_b9e0324d-1a15-4a6e-ac82-706b4956c92f.mp4
2025-11-08 08:57:47,143 - INFO - clip_generator:201 - Progress [██████████████████████████████] 100.00% - Process completed successfully!
2025-11-08 08:57:47,143 - INFO - clip_generator:405 - Generated clip with subtitles: F:\Development\PyCharm\Projects\PodcastAvatarsApp\podcast_content\output\shorts\short_b9e0324d-1a15-4a6e-ac82-706b4956c92f.mp4
2025-11-08 08:57:47,143 - INFO - clip_generator:330 - Processing clip 2 with start_time=0.0s
2025-11-08 08:57:47,144 - WARNING - subtitle_generator:94 - Invalid timing for segment at 89.16s: start=89.16, end=89.16, skipping
2025-11-08 08:57:47,145 - INFO - subtitle_generator:108 - SRT file created: F:\Development\PyCharm\Projects\PodcastAvatarsApp\podcast_content\output\shorts\temp_subtitle_2.srt
2025-11-08 08:57:47,146 - INFO - clip_generator:363 - Formatted subtitles path for FFmpeg: F\:/Development/PyCharm/Projects/PodcastAvatarsApp/podcast_content/output/shorts/temp_subtitle_2.srt
2025-11-08 08:57:47,146 - INFO - clip_generator:367 - FFmpeg subtitle style: FontName=Candara-Bold,FontSize=10,PrimaryColour=&H00FFFFFF,BorderStyle=1,Outline=2,Alignment=2,MarginV=60
2025-11-08 08:57:47,146 - INFO - clip_generator:371 - FFmpeg subtitle style: FontName=Candara-Bold,FontSize=10,PrimaryColour=&H00FFFFFF,BorderStyle=1,Outline=2,Alignment=2,MarginV=60,BackColour=white
2025-11-08 08:57:47,146 - INFO - clip_generator:138 - Starting FFmpeg for clip 2: ffmpeg -y -progress pipe:2 -y -hwaccel cuda -ss 0.0 -i F:\Development\PyCharm\Projects\PodcastAvatarsApp\podcast_content\temp\output_6c4ee41e-db26-4b7e-906b-e427c486f44d.mp4 -t 89.16 -filter_complex [0:v]crop='if(gt(ih,iw/0.5625),iw,ih*0.5625)':ih,scale='if(gt(iw,ih/0.5625),iw,ih*0.5625)':ih:force_original_aspect_ratio=increase,scale=1080:1920:force_original_aspect_ratio=decrease,pad=1080:1920:(ow-iw)/2:(oh-ih)/2,setsar=1,subtitles='F\:/Development/PyCharm/Projects/PodcastAvatarsApp/podcast_content/output/shorts/temp_subtitle_2.srt':force_style='FontName=Candara-Bold,FontSize=10,PrimaryColour=&H00FFFFFF,BorderStyle=1,Outline=2,Alignment=2,MarginV=60,BackColour=white'[final_v];[0:a]asetpts=PTS-STARTPTS[final_a] -map [final_v] -map [final_a] -c:v h264_nvenc -preset p7 -b:v 5000k -c:a aac -b:a 192k F:\Development\PyCharm\Projects\PodcastAvatarsApp\podcast_content\output\shorts\short_2fe76f72-202d-4d5e-bc0c-19cd35432068.mp4
2025-11-08 08:58:02,573 - INFO - clip_generator:201 - Progress [██████████████████████████████] 100.00% - Process completed successfully!
2025-11-08 08:58:02,573 - INFO - clip_generator:405 - Generated clip with subtitles: F:\Development\PyCharm\Projects\PodcastAvatarsApp\podcast_content\output\shorts\short_2fe76f72-202d-4d5e-bc0c-19cd35432068.mp4
2025-11-08 08:58:02,573 - INFO - clip_generator:330 - Processing clip 3 with start_time=346.65999999999997s
2025-11-08 08:58:02,573 - WARNING - clip_generator:110 - Calculated duration 37.60000000000002s is less than min_duration 60s, using max_duration 90s
2025-11-08 08:58:02,575 - INFO - subtitle_generator:108 - SRT file created: F:\Development\PyCharm\Projects\PodcastAvatarsApp\podcast_content\output\shorts\temp_subtitle_3.srt
2025-11-08 08:58:02,576 - INFO - clip_generator:363 - Formatted subtitles path for FFmpeg: F\:/Development/PyCharm/Projects/PodcastAvatarsApp/podcast_content/output/shorts/temp_subtitle_3.srt
2025-11-08 08:58:02,576 - INFO - clip_generator:367 - FFmpeg subtitle style: FontName=Candara-Bold,FontSize=10,PrimaryColour=&H00FFFFFF,BorderStyle=1,Outline=2,Alignment=2,MarginV=60
2025-11-08 08:58:02,576 - INFO - clip_generator:371 - FFmpeg subtitle style: FontName=Candara-Bold,FontSize=10,PrimaryColour=&H00FFFFFF,BorderStyle=1,Outline=2,Alignment=2,MarginV=60,BackColour=white
2025-11-08 08:58:02,576 - INFO - clip_generator:138 - Starting FFmpeg for clip 3: ffmpeg -y -progress pipe:2 -y -hwaccel cuda -ss 346.65999999999997 -i F:\Development\PyCharm\Projects\PodcastAvatarsApp\podcast_content\temp\output_6c4ee41e-db26-4b7e-906b-e427c486f44d.mp4 -t 90 -filter_complex [0:v]crop='if(gt(ih,iw/0.5625),iw,ih*0.5625)':ih,scale='if(gt(iw,ih/0.5625),iw,ih*0.5625)':ih:force_original_aspect_ratio=increase,scale=1080:1920:force_original_aspect_ratio=decrease,pad=1080:1920:(ow-iw)/2:(oh-ih)/2,setsar=1,subtitles='F\:/Development/PyCharm/Projects/PodcastAvatarsApp/podcast_content/output/shorts/temp_subtitle_3.srt':force_style='FontName=Candara-Bold,FontSize=10,PrimaryColour=&H00FFFFFF,BorderStyle=1,Outline=2,Alignment=2,MarginV=60,BackColour=white'[final_v];[0:a]asetpts=PTS-STARTPTS[final_a] -map [final_v] -map [final_a] -c:v h264_nvenc -preset p7 -b:v 5000k -c:a aac -b:a 192k F:\Development\PyCharm\Projects\PodcastAvatarsApp\podcast_content\output\shorts\short_e5ad0e50-d485-41bb-9ffa-083e72647b6d.mp4
2025-11-08 08:58:08,360 - INFO - clip_generator:201 - Progress [██████████████████████████████] 100.00% - Process completed successfully!
2025-11-08 08:58:08,360 - INFO - clip_generator:405 - Generated clip with subtitles: F:\Development\PyCharm\Projects\PodcastAvatarsApp\podcast_content\output\shorts\short_e5ad0e50-d485-41bb-9ffa-083e72647b6d.mp4
2025-11-08 08:58:08,360 - INFO - clip_generator:330 - Processing clip 4 with start_time=248.98s
2025-11-08 08:58:08,361 - WARNING - subtitle_generator:94 - Invalid timing for segment at 332.14s: start=83.16, end=83.16, skipping
2025-11-08 08:58:08,362 - INFO - subtitle_generator:108 - SRT file created: F:\Development\PyCharm\Projects\PodcastAvatarsApp\podcast_content\output\shorts\temp_subtitle_4.srt
2025-11-08 08:58:08,363 - INFO - clip_generator:363 - Formatted subtitles path for FFmpeg: F\:/Development/PyCharm/Projects/PodcastAvatarsApp/podcast_content/output/shorts/temp_subtitle_4.srt
2025-11-08 08:58:08,363 - INFO - clip_generator:367 - FFmpeg subtitle style: FontName=Candara-Bold,FontSize=10,PrimaryColour=&H00FFFFFF,BorderStyle=1,Outline=2,Alignment=2,MarginV=60
2025-11-08 08:58:08,363 - INFO - clip_generator:371 - FFmpeg subtitle style: FontName=Candara-Bold,FontSize=10,PrimaryColour=&H00FFFFFF,BorderStyle=1,Outline=2,Alignment=2,MarginV=60,BackColour=white
2025-11-08 08:58:08,363 - INFO - clip_generator:138 - Starting FFmpeg for clip 4: ffmpeg -y -progress pipe:2 -y -hwaccel cuda -ss 248.98 -i F:\Development\PyCharm\Projects\PodcastAvatarsApp\podcast_content\temp\output_6c4ee41e-db26-4b7e-906b-e427c486f44d.mp4 -t 83.16 -filter_complex [0:v]crop='if(gt(ih,iw/0.5625),iw,ih*0.5625)':ih,scale='if(gt(iw,ih/0.5625),iw,ih*0.5625)':ih:force_original_aspect_ratio=increase,scale=1080:1920:force_original_aspect_ratio=decrease,pad=1080:1920:(ow-iw)/2:(oh-ih)/2,setsar=1,subtitles='F\:/Development/PyCharm/Projects/PodcastAvatarsApp/podcast_content/output/shorts/temp_subtitle_4.srt':force_style='FontName=Candara-Bold,FontSize=10,PrimaryColour=&H00FFFFFF,BorderStyle=1,Outline=2,Alignment=2,MarginV=60,BackColour=white'[final_v];[0:a]asetpts=PTS-STARTPTS[final_a] -map [final_v] -map [final_a] -c:v h264_nvenc -preset p7 -b:v 5000k -c:a aac -b:a 192k F:\Development\PyCharm\Projects\PodcastAvatarsApp\podcast_content\output\shorts\short_67685135-ca7b-4532-be80-d2fde1bd173b.mp4
2025-11-08 08:58:20,469 - INFO - clip_generator:201 - Progress [██████████████████████████████] 100.00% - Process completed successfully!
2025-11-08 08:58:20,469 - INFO - clip_generator:405 - Generated clip with subtitles: F:\Development\PyCharm\Projects\PodcastAvatarsApp\podcast_content\output\shorts\short_67685135-ca7b-4532-be80-d2fde1bd173b.mp4
2025-11-08 08:58:20,469 - INFO - clip_generator:330 - Processing clip 5 with start_time=219.78s
2025-11-08 08:58:20,470 - WARNING - subtitle_generator:94 - Invalid timing for segment at 304.94s: start=85.16, end=85.16, skipping
2025-11-08 08:58:20,471 - INFO - subtitle_generator:108 - SRT file created: F:\Development\PyCharm\Projects\PodcastAvatarsApp\podcast_content\output\shorts\temp_subtitle_5.srt
2025-11-08 08:58:20,471 - INFO - clip_generator:363 - Formatted subtitles path for FFmpeg: F\:/Development/PyCharm/Projects/PodcastAvatarsApp/podcast_content/output/shorts/temp_subtitle_5.srt
2025-11-08 08:58:20,472 - INFO - clip_generator:367 - FFmpeg subtitle style: FontName=Candara-Bold,FontSize=10,PrimaryColour=&H00FFFFFF,BorderStyle=1,Outline=2,Alignment=2,MarginV=60
2025-11-08 08:58:20,472 - INFO - clip_generator:371 - FFmpeg subtitle style: FontName=Candara-Bold,FontSize=10,PrimaryColour=&H00FFFFFF,BorderStyle=1,Outline=2,Alignment=2,MarginV=60,BackColour=white
2025-11-08 08:58:20,472 - INFO - clip_generator:138 - Starting FFmpeg for clip 5: ffmpeg -y -progress pipe:2 -y -hwaccel cuda -ss 219.78 -i F:\Development\PyCharm\Projects\PodcastAvatarsApp\podcast_content\temp\output_6c4ee41e-db26-4b7e-906b-e427c486f44d.mp4 -t 85.16 -filter_complex [0:v]crop='if(gt(ih,iw/0.5625),iw,ih*0.5625)':ih,scale='if(gt(iw,ih/0.5625),iw,ih*0.5625)':ih:force_original_aspect_ratio=increase,scale=1080:1920:force_original_aspect_ratio=decrease,pad=1080:1920:(ow-iw)/2:(oh-ih)/2,setsar=1,subtitles='F\:/Development/PyCharm/Projects/PodcastAvatarsApp/podcast_content/output/shorts/temp_subtitle_5.srt':force_style='FontName=Candara-Bold,FontSize=10,PrimaryColour=&H00FFFFFF,BorderStyle=1,Outline=2,Alignment=2,MarginV=60,BackColour=white'[final_v];[0:a]asetpts=PTS-STARTPTS[final_a] -map [final_v] -map [final_a] -c:v h264_nvenc -preset p7 -b:v 5000k -c:a aac -b:a 192k F:\Development\PyCharm\Projects\PodcastAvatarsApp\podcast_content\output\shorts\short_1330fd3b-a7a8-47a1-9af8-1f91145ba1fb.mp4
2025-11-08 08:58:33,949 - INFO - clip_generator:201 - Progress [██████████████████████████████] 100.00% - Process completed successfully!
2025-11-08 08:58:33,949 - INFO - clip_generator:405 - Generated clip with subtitles: F:\Development\PyCharm\Projects\PodcastAvatarsApp\podcast_content\output\shorts\short_1330fd3b-a7a8-47a1-9af8-1f91145ba1fb.mp4
2025-11-08 08:58:33,949 - INFO - clip_generator:428 - Generated 5 clips: ['F:\\Development\\PyCharm\\Projects\\PodcastAvatarsApp\\podcast_content\\output\\shorts\\short_b9e0324d-1a15-4a6e-ac82-706b4956c92f.mp4', 'F:\\Development\\PyCharm\\Projects\\PodcastAvatarsApp\\podcast_content\\output\\shorts\\short_2fe76f72-202d-4d5e-bc0c-19cd35432068.mp4', 'F:\\Development\\PyCharm\\Projects\\PodcastAvatarsApp\\podcast_content\\output\\shorts\\short_e5ad0e50-d485-41bb-9ffa-083e72647b6d.mp4', 'F:\\Development\\PyCharm\\Projects\\PodcastAvatarsApp\\podcast_content\\output\\shorts\\short_67685135-ca7b-4532-be80-d2fde1bd173b.mp4', 'F:\\Development\\PyCharm\\Projects\\PodcastAvatarsApp\\podcast_content\\output\\shorts\\short_1330fd3b-a7a8-47a1-9af8-1f91145ba1fb.mp4']
2025-11-08 08:58:33,952 - INFO - video_processor:182 - Video resources released
2025-11-08 08:58:33,952 - INFO - video_processor:182 - Video resources released
2025-11-08 09:04:07,477 - INFO - video_processor:42 - Video loaded: F:\Development\PyCharm\Projects\PodcastAvatarsApp\podcast_content\temp\output_6c4ee41e-db26-4b7e-906b-e427c486f44d.mp4, duration: 384.23333333333335s, fps: 30.0
2025-11-08 09:04:09,475 - INFO - audio_transcriber:32 - Whisper model 'base' loaded on cuda
2025-11-08 09:04:12,108 - INFO - content_analyzer:49 - CLIP model loaded on cuda
2025-11-08 09:04:18,726 - INFO - content_analyzer:62 - Sentiment analysis model loaded
2025-11-08 09:04:18,726 - INFO - subtitle_generator:31 - Initialized SubtitleGenerator
2025-11-08 09:04:18,726 - INFO - clip_generator:47 - Initialized ClipGenerator with video: F:\Development\PyCharm\Projects\PodcastAvatarsApp\podcast_content\temp\output_6c4ee41e-db26-4b7e-906b-e427c486f44d.mp4, output_dir: F:\Development\PyCharm\Projects\PodcastAvatarsApp\podcast_content\output\shorts, CUDA available: True, use_background: True, background_color: white
2025-11-08 09:04:18,727 - INFO - clip_generator:51 - CUDA device: NVIDIA GeForce GTX 1050
2025-11-08 09:04:19,169 - INFO - video_processor:67 - Audio extracted to: temp_audio.wav
2025-11-08 09:04:19,172 - INFO - clip_generator:330 - Processing clip 1 with start_time=89.16s
2025-11-08 09:04:19,172 - WARNING - subtitle_generator:94 - Invalid timing for segment at 178.9s: start=89.74000000000001, end=89.74000000000001, skipping
2025-11-08 09:04:19,173 - INFO - subtitle_generator:108 - SRT file created: F:\Development\PyCharm\Projects\PodcastAvatarsApp\podcast_content\output\shorts\temp_subtitle_1.srt
2025-11-08 09:04:19,174 - INFO - clip_generator:363 - Formatted subtitles path for FFmpeg: F\:/Development/PyCharm/Projects/PodcastAvatarsApp/podcast_content/output/shorts/temp_subtitle_1.srt
2025-11-08 09:04:19,174 - INFO - clip_generator:367 - FFmpeg subtitle style: FontName=Candara-Bold,FontSize=10,PrimaryColour=&H00FFFFFF,BorderStyle=1,Outline=2,Alignment=2,MarginV=60
2025-11-08 09:04:19,174 - INFO - clip_generator:371 - FFmpeg subtitle style: FontName=Candara-Bold,FontSize=10,PrimaryColour=&H00FFFFFF,BorderStyle=1,Outline=2,Alignment=2,MarginV=60,BackColour=white
2025-11-08 09:04:19,174 - INFO - clip_generator:138 - Starting FFmpeg for clip 1: ffmpeg -y -progress pipe:2 -y -hwaccel cuda -ss 89.16 -i F:\Development\PyCharm\Projects\PodcastAvatarsApp\podcast_content\temp\output_6c4ee41e-db26-4b7e-906b-e427c486f44d.mp4 -t 89.74000000000001 -filter_complex [0:v]crop='if(gt(ih,iw/0.5625),iw,ih*0.5625)':ih,scale='if(gt(iw,ih/0.5625),iw,ih*0.5625)':ih:force_original_aspect_ratio=increase,scale=1080:1920:force_original_aspect_ratio=decrease,pad=1080:1920:(ow-iw)/2:(oh-ih)/2,setsar=1,subtitles='F\:/Development/PyCharm/Projects/PodcastAvatarsApp/podcast_content/output/shorts/temp_subtitle_1.srt':force_style='FontName=Candara-Bold,FontSize=10,PrimaryColour=&H00FFFFFF,BorderStyle=1,Outline=2,Alignment=2,MarginV=60,BackColour=white'[final_v];[0:a]asetpts=PTS-STARTPTS[final_a] -map [final_v] -map [final_a] -c:v h264_nvenc -preset p7 -b:v 5000k -c:a aac -b:a 192k F:\Development\PyCharm\Projects\PodcastAvatarsApp\podcast_content\output\shorts\short_d05826bf-31ef-4ff5-b75d-9618aac2c312.mp4
2025-11-08 09:04:36,935 - INFO - clip_generator:201 - Progress [██████████████████████████████] 100.00% - Process completed successfully!
2025-11-08 09:04:36,935 - INFO - clip_generator:405 - Generated clip with subtitles: F:\Development\PyCharm\Projects\PodcastAvatarsApp\podcast_content\output\shorts\short_d05826bf-31ef-4ff5-b75d-9618aac2c312.mp4
2025-11-08 09:04:36,935 - INFO - clip_generator:330 - Processing clip 2 with start_time=0.0s
2025-11-08 09:04:36,936 - WARNING - subtitle_generator:94 - Invalid timing for segment at 89.16s: start=89.16, end=89.16, skipping
2025-11-08 09:04:36,937 - INFO - subtitle_generator:108 - SRT file created: F:\Development\PyCharm\Projects\PodcastAvatarsApp\podcast_content\output\shorts\temp_subtitle_2.srt
2025-11-08 09:04:36,937 - INFO - clip_generator:363 - Formatted subtitles path for FFmpeg: F\:/Development/PyCharm/Projects/PodcastAvatarsApp/podcast_content/output/shorts/temp_subtitle_2.srt
2025-11-08 09:04:36,937 - INFO - clip_generator:367 - FFmpeg subtitle style: FontName=Candara-Bold,FontSize=10,PrimaryColour=&H00FFFFFF,BorderStyle=1,Outline=2,Alignment=2,MarginV=60
2025-11-08 09:04:36,938 - INFO - clip_generator:371 - FFmpeg subtitle style: FontName=Candara-Bold,FontSize=10,PrimaryColour=&H00FFFFFF,BorderStyle=1,Outline=2,Alignment=2,MarginV=60,BackColour=white
2025-11-08 09:04:36,938 - INFO - clip_generator:138 - Starting FFmpeg for clip 2: ffmpeg -y -progress pipe:2 -y -hwaccel cuda -ss 0.0 -i F:\Development\PyCharm\Projects\PodcastAvatarsApp\podcast_content\temp\output_6c4ee41e-db26-4b7e-906b-e427c486f44d.mp4 -t 89.16 -filter_complex [0:v]crop='if(gt(ih,iw/0.5625),iw,ih*0.5625)':ih,scale='if(gt(iw,ih/0.5625),iw,ih*0.5625)':ih:force_original_aspect_ratio=increase,scale=1080:1920:force_original_aspect_ratio=decrease,pad=1080:1920:(ow-iw)/2:(oh-ih)/2,setsar=1,subtitles='F\:/Development/PyCharm/Projects/PodcastAvatarsApp/podcast_content/output/shorts/temp_subtitle_2.srt':force_style='FontName=Candara-Bold,FontSize=10,PrimaryColour=&H00FFFFFF,BorderStyle=1,Outline=2,Alignment=2,MarginV=60,BackColour=white'[final_v];[0:a]asetpts=PTS-STARTPTS[final_a] -map [final_v] -map [final_a] -c:v h264_nvenc -preset p7 -b:v 5000k -c:a aac -b:a 192k F:\Development\PyCharm\Projects\PodcastAvatarsApp\podcast_content\output\shorts\short_fb430370-ed70-40e4-9472-9565543586b4.mp4
2025-11-08 09:04:56,897 - INFO - clip_generator:201 - Progress [██████████████████████████████] 100.00% - Process completed successfully!
2025-11-08 09:04:56,897 - INFO - clip_generator:405 - Generated clip with subtitles: F:\Development\PyCharm\Projects\PodcastAvatarsApp\podcast_content\output\shorts\short_fb430370-ed70-40e4-9472-9565543586b4.mp4
2025-11-08 09:04:56,897 - INFO - clip_generator:330 - Processing clip 3 with start_time=346.65999999999997s
2025-11-08 09:04:56,898 - WARNING - clip_generator:110 - Calculated duration 37.60000000000002s is less than min_duration 60s, using max_duration 90s
2025-11-08 09:04:56,900 - INFO - subtitle_generator:108 - SRT file created: F:\Development\PyCharm\Projects\PodcastAvatarsApp\podcast_content\output\shorts\temp_subtitle_3.srt
2025-11-08 09:04:56,901 - INFO - clip_generator:363 - Formatted subtitles path for FFmpeg: F\:/Development/PyCharm/Projects/PodcastAvatarsApp/podcast_content/output/shorts/temp_subtitle_3.srt
2025-11-08 09:04:56,901 - INFO - clip_generator:367 - FFmpeg subtitle style: FontName=Candara-Bold,FontSize=10,PrimaryColour=&H00FFFFFF,BorderStyle=1,Outline=2,Alignment=2,MarginV=60
2025-11-08 09:04:56,901 - INFO - clip_generator:371 - FFmpeg subtitle style: FontName=Candara-Bold,FontSize=10,PrimaryColour=&H00FFFFFF,BorderStyle=1,Outline=2,Alignment=2,MarginV=60,BackColour=white
2025-11-08 09:04:56,901 - INFO - clip_generator:138 - Starting FFmpeg for clip 3: ffmpeg -y -progress pipe:2 -y -hwaccel cuda -ss 346.65999999999997 -i F:\Development\PyCharm\Projects\PodcastAvatarsApp\podcast_content\temp\output_6c4ee41e-db26-4b7e-906b-e427c486f44d.mp4 -t 90 -filter_complex [0:v]crop='if(gt(ih,iw/0.5625),iw,ih*0.5625)':ih,scale='if(gt(iw,ih/0.5625),iw,ih*0.5625)':ih:force_original_aspect_ratio=increase,scale=1080:1920:force_original_aspect_ratio=decrease,pad=1080:1920:(ow-iw)/2:(oh-ih)/2,setsar=1,subtitles='F\:/Development/PyCharm/Projects/PodcastAvatarsApp/podcast_content/output/shorts/temp_subtitle_3.srt':force_style='FontName=Candara-Bold,FontSize=10,PrimaryColour=&H00FFFFFF,BorderStyle=1,Outline=2,Alignment=2,MarginV=60,BackColour=white'[final_v];[0:a]asetpts=PTS-STARTPTS[final_a] -map [final_v] -map [final_a] -c:v h264_nvenc -preset p7 -b:v 5000k -c:a aac -b:a 192k F:\Development\PyCharm\Projects\PodcastAvatarsApp\podcast_content\output\shorts\short_2795d119-28b5-4dc9-9cd0-a5ce3118b423.mp4
2025-11-08 09:05:03,341 - INFO - clip_generator:201 - Progress [██████████████████████████████] 100.00% - Process completed successfully!
2025-11-08 09:05:03,396 - INFO - clip_generator:405 - Generated clip with subtitles: F:\Development\PyCharm\Projects\PodcastAvatarsApp\podcast_content\output\shorts\short_2795d119-28b5-4dc9-9cd0-a5ce3118b423.mp4
2025-11-08 09:05:03,396 - INFO - clip_generator:330 - Processing clip 4 with start_time=248.98s
2025-11-08 09:05:03,397 - WARNING - subtitle_generator:94 - Invalid timing for segment at 332.14s: start=83.16, end=83.16, skipping
2025-11-08 09:05:03,398 - INFO - subtitle_generator:108 - SRT file created: F:\Development\PyCharm\Projects\PodcastAvatarsApp\podcast_content\output\shorts\temp_subtitle_4.srt
2025-11-08 09:05:03,399 - INFO - clip_generator:363 - Formatted subtitles path for FFmpeg: F\:/Development/PyCharm/Projects/PodcastAvatarsApp/podcast_content/output/shorts/temp_subtitle_4.srt
2025-11-08 09:05:03,399 - INFO - clip_generator:367 - FFmpeg subtitle style: FontName=Candara-Bold,FontSize=10,PrimaryColour=&H00FFFFFF,BorderStyle=1,Outline=2,Alignment=2,MarginV=60
2025-11-08 09:05:03,399 - INFO - clip_generator:371 - FFmpeg subtitle style: FontName=Candara-Bold,FontSize=10,PrimaryColour=&H00FFFFFF,BorderStyle=1,Outline=2,Alignment=2,MarginV=60,BackColour=white
2025-11-08 09:05:03,399 - INFO - clip_generator:138 - Starting FFmpeg for clip 4: ffmpeg -y -progress pipe:2 -y -hwaccel cuda -ss 248.98 -i F:\Development\PyCharm\Projects\PodcastAvatarsApp\podcast_content\temp\output_6c4ee41e-db26-4b7e-906b-e427c486f44d.mp4 -t 83.16 -filter_complex [0:v]crop='if(gt(ih,iw/0.5625),iw,ih*0.5625)':ih,scale='if(gt(iw,ih/0.5625),iw,ih*0.5625)':ih:force_original_aspect_ratio=increase,scale=1080:1920:force_original_aspect_ratio=decrease,pad=1080:1920:(ow-iw)/2:(oh-ih)/2,setsar=1,subtitles='F\:/Development/PyCharm/Projects/PodcastAvatarsApp/podcast_content/output/shorts/temp_subtitle_4.srt':force_style='FontName=Candara-Bold,FontSize=10,PrimaryColour=&H00FFFFFF,BorderStyle=1,Outline=2,Alignment=2,MarginV=60,BackColour=white'[final_v];[0:a]asetpts=PTS-STARTPTS[final_a] -map [final_v] -map [final_a] -c:v h264_nvenc -preset p7 -b:v 5000k -c:a aac -b:a 192k F:\Development\PyCharm\Projects\PodcastAvatarsApp\podcast_content\output\shorts\short_42e03787-cda0-447d-801f-40bd89e66d3d.mp4
2025-11-08 09:05:19,271 - INFO - clip_generator:201 - Progress [██████████████████████████████] 100.00% - Process completed successfully!
2025-11-08 09:05:19,271 - INFO - clip_generator:405 - Generated clip with subtitles: F:\Development\PyCharm\Projects\PodcastAvatarsApp\podcast_content\output\shorts\short_42e03787-cda0-447d-801f-40bd89e66d3d.mp4
2025-11-08 09:05:19,271 - INFO - clip_generator:330 - Processing clip 5 with start_time=219.78s
2025-11-08 09:05:19,272 - WARNING - subtitle_generator:94 - Invalid timing for segment at 304.94s: start=85.16, end=85.16, skipping
2025-11-08 09:05:19,273 - INFO - subtitle_generator:108 - SRT file created: F:\Development\PyCharm\Projects\PodcastAvatarsApp\podcast_content\output\shorts\temp_subtitle_5.srt
2025-11-08 09:05:19,273 - INFO - clip_generator:363 - Formatted subtitles path for FFmpeg: F\:/Development/PyCharm/Projects/PodcastAvatarsApp/podcast_content/output/shorts/temp_subtitle_5.srt
2025-11-08 09:05:19,273 - INFO - clip_generator:367 - FFmpeg subtitle style: FontName=Candara-Bold,FontSize=10,PrimaryColour=&H00FFFFFF,BorderStyle=1,Outline=2,Alignment=2,MarginV=60
2025-11-08 09:05:19,274 - INFO - clip_generator:371 - FFmpeg subtitle style: FontName=Candara-Bold,FontSize=10,PrimaryColour=&H00FFFFFF,BorderStyle=1,Outline=2,Alignment=2,MarginV=60,BackColour=white
2025-11-08 09:05:19,274 - INFO - clip_generator:138 - Starting FFmpeg for clip 5: ffmpeg -y -progress pipe:2 -y -hwaccel cuda -ss 219.78 -i F:\Development\PyCharm\Projects\PodcastAvatarsApp\podcast_content\temp\output_6c4ee41e-db26-4b7e-906b-e427c486f44d.mp4 -t 85.16 -filter_complex [0:v]crop='if(gt(ih,iw/0.5625),iw,ih*0.5625)':ih,scale='if(gt(iw,ih/0.5625),iw,ih*0.5625)':ih:force_original_aspect_ratio=increase,scale=1080:1920:force_original_aspect_ratio=decrease,pad=1080:1920:(ow-iw)/2:(oh-ih)/2,setsar=1,subtitles='F\:/Development/PyCharm/Projects/PodcastAvatarsApp/podcast_content/output/shorts/temp_subtitle_5.srt':force_style='FontName=Candara-Bold,FontSize=10,PrimaryColour=&H00FFFFFF,BorderStyle=1,Outline=2,Alignment=2,MarginV=60,BackColour=white'[final_v];[0:a]asetpts=PTS-STARTPTS[final_a] -map [final_v] -map [final_a] -c:v h264_nvenc -preset p7 -b:v 5000k -c:a aac -b:a 192k F:\Development\PyCharm\Projects\PodcastAvatarsApp\podcast_content\output\shorts\short_f84521ef-9be6-40ca-9782-e3b9ab377c81.mp4
2025-11-08 09:05:32,067 - INFO - clip_generator:201 - Progress [██████████████████████████████] 100.00% - Process completed successfully!
2025-11-08 09:05:32,067 - INFO - clip_generator:405 - Generated clip with subtitles: F:\Development\PyCharm\Projects\PodcastAvatarsApp\podcast_content\output\shorts\short_f84521ef-9be6-40ca-9782-e3b9ab377c81.mp4
2025-11-08 09:05:32,067 - INFO - clip_generator:428 - Generated 5 clips: ['F:\\Development\\PyCharm\\Projects\\PodcastAvatarsApp\\podcast_content\\output\\shorts\\short_d05826bf-31ef-4ff5-b75d-9618aac2c312.mp4', 'F:\\Development\\PyCharm\\Projects\\PodcastAvatarsApp\\podcast_content\\output\\shorts\\short_fb430370-ed70-40e4-9472-9565543586b4.mp4', 'F:\\Development\\PyCharm\\Projects\\PodcastAvatarsApp\\podcast_content\\output\\shorts\\short_2795d119-28b5-4dc9-9cd0-a5ce3118b423.mp4', 'F:\\Development\\PyCharm\\Projects\\PodcastAvatarsApp\\podcast_content\\output\\shorts\\short_42e03787-cda0-447d-801f-40bd89e66d3d.mp4', 'F:\\Development\\PyCharm\\Projects\\PodcastAvatarsApp\\podcast_content\\output\\shorts\\short_f84521ef-9be6-40ca-9782-e3b9ab377c81.mp4']
2025-11-08 09:05:32,149 - INFO - video_processor:182 - Video resources released
2025-11-08 09:05:32,149 - INFO - video_processor:182 - Video resources released
2025-11-08 09:18:08,571 - INFO - video_processor:42 - Video loaded: F:\Development\PyCharm\Projects\PodcastAvatarsApp\podcast_content\temp\output_6c4ee41e-db26-4b7e-906b-e427c486f44d.mp4, duration: 384.23333333333335s, fps: 30.0
2025-11-08 09:18:10,612 - INFO - audio_transcriber:32 - Whisper model 'base' loaded on cuda
2025-11-08 09:18:13,680 - INFO - content_analyzer:49 - CLIP model loaded on cuda
2025-11-08 09:18:21,185 - INFO - content_analyzer:62 - Sentiment analysis model loaded
2025-11-08 09:18:21,185 - INFO - subtitle_generator:31 - Initialized SubtitleGenerator
2025-11-08 09:18:21,185 - INFO - clip_generator:47 - Initialized ClipGenerator with video: F:\Development\PyCharm\Projects\PodcastAvatarsApp\podcast_content\temp\output_6c4ee41e-db26-4b7e-906b-e427c486f44d.mp4, output_dir: F:\Development\PyCharm\Projects\PodcastAvatarsApp\podcast_content\output\shorts, CUDA available: True, use_background: True, background_color: white
2025-11-08 09:18:21,185 - INFO - clip_generator:51 - CUDA device: NVIDIA GeForce GTX 1050
2025-11-08 09:18:22,541 - INFO - video_processor:67 - Audio extracted to: temp_audio.wav
2025-11-08 09:18:22,580 - INFO - clip_generator:330 - Processing clip 1 with start_time=89.16s
2025-11-08 09:18:22,581 - WARNING - subtitle_generator:94 - Invalid timing for segment at 178.9s: start=89.74000000000001, end=89.74000000000001, skipping
2025-11-08 09:18:22,582 - INFO - subtitle_generator:108 - SRT file created: F:\Development\PyCharm\Projects\PodcastAvatarsApp\podcast_content\output\shorts\temp_subtitle_1.srt
2025-11-08 09:18:22,583 - INFO - clip_generator:363 - Formatted subtitles path for FFmpeg: F\:/Development/PyCharm/Projects/PodcastAvatarsApp/podcast_content/output/shorts/temp_subtitle_1.srt
2025-11-08 09:18:22,583 - INFO - clip_generator:367 - FFmpeg subtitle style: FontName=Candara-Bold,FontSize=10,PrimaryColour=&H00FFFFFF,BorderStyle=1,Outline=2,Alignment=2,MarginV=60
2025-11-08 09:18:22,583 - INFO - clip_generator:371 - FFmpeg subtitle style: FontName=Candara-Bold,FontSize=10,PrimaryColour=&H00FFFFFF,BorderStyle=1,Outline=2,Alignment=2,MarginV=60,BackColour=white
2025-11-08 09:18:22,583 - INFO - clip_generator:138 - Starting FFmpeg for clip 1: ffmpeg -y -progress pipe:2 -y -hwaccel cuda -ss 89.16 -i F:\Development\PyCharm\Projects\PodcastAvatarsApp\podcast_content\temp\output_6c4ee41e-db26-4b7e-906b-e427c486f44d.mp4 -t 89.74000000000001 -filter_complex [0:v]crop='if(gt(ih,iw/0.5625),iw,ih*0.5625)':ih,scale='if(gt(iw,ih/0.5625),iw,ih*0.5625)':ih:force_original_aspect_ratio=increase,scale=1080:1920:force_original_aspect_ratio=decrease,pad=1080:1920:(ow-iw)/2:(oh-ih)/2,setsar=1,subtitles='F\:/Development/PyCharm/Projects/PodcastAvatarsApp/podcast_content/output/shorts/temp_subtitle_1.srt':force_style='FontName=Candara-Bold,FontSize=10,PrimaryColour=&H00FFFFFF,BorderStyle=1,Outline=2,Alignment=2,MarginV=60,BackColour=white'[final_v];[0:a]asetpts=PTS-STARTPTS[final_a] -map [final_v] -map [final_a] -c:v h264_nvenc -preset p7 -b:v 5000k -c:a aac -b:a 192k F:\Development\PyCharm\Projects\PodcastAvatarsApp\podcast_content\output\shorts\short_13423fdc-f108-47fc-929b-ef2a9023f8ac.mp4
2025-11-08 09:18:38,244 - INFO - clip_generator:201 - Progress [██████████████████████████████] 100.00% - Process completed successfully!
2025-11-08 09:18:38,244 - INFO - clip_generator:405 - Generated clip with subtitles: F:\Development\PyCharm\Projects\PodcastAvatarsApp\podcast_content\output\shorts\short_13423fdc-f108-47fc-929b-ef2a9023f8ac.mp4
2025-11-08 09:18:38,244 - INFO - clip_generator:330 - Processing clip 2 with start_time=0.0s
2025-11-08 09:18:38,245 - WARNING - subtitle_generator:94 - Invalid timing for segment at 89.16s: start=89.16, end=89.16, skipping
2025-11-08 09:18:38,246 - INFO - subtitle_generator:108 - SRT file created: F:\Development\PyCharm\Projects\PodcastAvatarsApp\podcast_content\output\shorts\temp_subtitle_2.srt
2025-11-08 09:18:38,247 - INFO - clip_generator:363 - Formatted subtitles path for FFmpeg: F\:/Development/PyCharm/Projects/PodcastAvatarsApp/podcast_content/output/shorts/temp_subtitle_2.srt
2025-11-08 09:18:38,247 - INFO - clip_generator:367 - FFmpeg subtitle style: FontName=Candara-Bold,FontSize=10,PrimaryColour=&H00FFFFFF,BorderStyle=1,Outline=2,Alignment=2,MarginV=60
2025-11-08 09:18:38,247 - INFO - clip_generator:371 - FFmpeg subtitle style: FontName=Candara-Bold,FontSize=10,PrimaryColour=&H00FFFFFF,BorderStyle=1,Outline=2,Alignment=2,MarginV=60,BackColour=white
2025-11-08 09:18:38,247 - INFO - clip_generator:138 - Starting FFmpeg for clip 2: ffmpeg -y -progress pipe:2 -y -hwaccel cuda -ss 0.0 -i F:\Development\PyCharm\Projects\PodcastAvatarsApp\podcast_content\temp\output_6c4ee41e-db26-4b7e-906b-e427c486f44d.mp4 -t 89.16 -filter_complex [0:v]crop='if(gt(ih,iw/0.5625),iw,ih*0.5625)':ih,scale='if(gt(iw,ih/0.5625),iw,ih*0.5625)':ih:force_original_aspect_ratio=increase,scale=1080:1920:force_original_aspect_ratio=decrease,pad=1080:1920:(ow-iw)/2:(oh-ih)/2,setsar=1,subtitles='F\:/Development/PyCharm/Projects/PodcastAvatarsApp/podcast_content/output/shorts/temp_subtitle_2.srt':force_style='FontName=Candara-Bold,FontSize=10,PrimaryColour=&H00FFFFFF,BorderStyle=1,Outline=2,Alignment=2,MarginV=60,BackColour=white'[final_v];[0:a]asetpts=PTS-STARTPTS[final_a] -map [final_v] -map [final_a] -c:v h264_nvenc -preset p7 -b:v 5000k -c:a aac -b:a 192k F:\Development\PyCharm\Projects\PodcastAvatarsApp\podcast_content\output\shorts\short_376e9935-edef-4bca-b425-3b00f2edc38c.mp4
2025-11-08 09:18:53,727 - INFO - clip_generator:201 - Progress [██████████████████████████████] 100.00% - Process completed successfully!
2025-11-08 09:18:53,727 - INFO - clip_generator:405 - Generated clip with subtitles: F:\Development\PyCharm\Projects\PodcastAvatarsApp\podcast_content\output\shorts\short_376e9935-edef-4bca-b425-3b00f2edc38c.mp4
2025-11-08 09:18:53,727 - INFO - clip_generator:330 - Processing clip 3 with start_time=346.65999999999997s
2025-11-08 09:18:53,727 - WARNING - clip_generator:110 - Calculated duration 37.60000000000002s is less than min_duration 60s, using max_duration 90s
2025-11-08 09:18:53,729 - INFO - subtitle_generator:108 - SRT file created: F:\Development\PyCharm\Projects\PodcastAvatarsApp\podcast_content\output\shorts\temp_subtitle_3.srt
2025-11-08 09:18:53,729 - INFO - clip_generator:363 - Formatted subtitles path for FFmpeg: F\:/Development/PyCharm/Projects/PodcastAvatarsApp/podcast_content/output/shorts/temp_subtitle_3.srt
2025-11-08 09:18:53,730 - INFO - clip_generator:367 - FFmpeg subtitle style: FontName=Candara-Bold,FontSize=10,PrimaryColour=&H00FFFFFF,BorderStyle=1,Outline=2,Alignment=2,MarginV=60
2025-11-08 09:18:53,730 - INFO - clip_generator:371 - FFmpeg subtitle style: FontName=Candara-Bold,FontSize=10,PrimaryColour=&H00FFFFFF,BorderStyle=1,Outline=2,Alignment=2,MarginV=60,BackColour=white
2025-11-08 09:18:53,730 - INFO - clip_generator:138 - Starting FFmpeg for clip 3: ffmpeg -y -progress pipe:2 -y -hwaccel cuda -ss 346.65999999999997 -i F:\Development\PyCharm\Projects\PodcastAvatarsApp\podcast_content\temp\output_6c4ee41e-db26-4b7e-906b-e427c486f44d.mp4 -t 90 -filter_complex [0:v]crop='if(gt(ih,iw/0.5625),iw,ih*0.5625)':ih,scale='if(gt(iw,ih/0.5625),iw,ih*0.5625)':ih:force_original_aspect_ratio=increase,scale=1080:1920:force_original_aspect_ratio=decrease,pad=1080:1920:(ow-iw)/2:(oh-ih)/2,setsar=1,subtitles='F\:/Development/PyCharm/Projects/PodcastAvatarsApp/podcast_content/output/shorts/temp_subtitle_3.srt':force_style='FontName=Candara-Bold,FontSize=10,PrimaryColour=&H00FFFFFF,BorderStyle=1,Outline=2,Alignment=2,MarginV=60,BackColour=white'[final_v];[0:a]asetpts=PTS-STARTPTS[final_a] -map [final_v] -map [final_a] -c:v h264_nvenc -preset p7 -b:v 5000k -c:a aac -b:a 192k F:\Development\PyCharm\Projects\PodcastAvatarsApp\podcast_content\output\shorts\short_26da8d33-243c-47e8-943d-30c7bfafe4d8.mp4
2025-11-08 09:18:59,606 - INFO - clip_generator:201 - Progress [██████████████████████████████] 100.00% - Process completed successfully!
2025-11-08 09:18:59,606 - INFO - clip_generator:405 - Generated clip with subtitles: F:\Development\PyCharm\Projects\PodcastAvatarsApp\podcast_content\output\shorts\short_26da8d33-243c-47e8-943d-30c7bfafe4d8.mp4
2025-11-08 09:18:59,606 - INFO - clip_generator:330 - Processing clip 4 with start_time=248.98s
2025-11-08 09:18:59,607 - WARNING - subtitle_generator:94 - Invalid timing for segment at 332.14s: start=83.16, end=83.16, skipping
2025-11-08 09:18:59,608 - INFO - subtitle_generator:108 - SRT file created: F:\Development\PyCharm\Projects\PodcastAvatarsApp\podcast_content\output\shorts\temp_subtitle_4.srt
2025-11-08 09:18:59,609 - INFO - clip_generator:363 - Formatted subtitles path for FFmpeg: F\:/Development/PyCharm/Projects/PodcastAvatarsApp/podcast_content/output/shorts/temp_subtitle_4.srt
2025-11-08 09:18:59,609 - INFO - clip_generator:367 - FFmpeg subtitle style: FontName=Candara-Bold,FontSize=10,PrimaryColour=&H00FFFFFF,BorderStyle=1,Outline=2,Alignment=2,MarginV=60
2025-11-08 09:18:59,609 - INFO - clip_generator:371 - FFmpeg subtitle style: FontName=Candara-Bold,FontSize=10,PrimaryColour=&H00FFFFFF,BorderStyle=1,Outline=2,Alignment=2,MarginV=60,BackColour=white
2025-11-08 09:18:59,609 - INFO - clip_generator:138 - Starting FFmpeg for clip 4: ffmpeg -y -progress pipe:2 -y -hwaccel cuda -ss 248.98 -i F:\Development\PyCharm\Projects\PodcastAvatarsApp\podcast_content\temp\output_6c4ee41e-db26-4b7e-906b-e427c486f44d.mp4 -t 83.16 -filter_complex [0:v]crop='if(gt(ih,iw/0.5625),iw,ih*0.5625)':ih,scale='if(gt(iw,ih/0.5625),iw,ih*0.5625)':ih:force_original_aspect_ratio=increase,scale=1080:1920:force_original_aspect_ratio=decrease,pad=1080:1920:(ow-iw)/2:(oh-ih)/2,setsar=1,subtitles='F\:/Development/PyCharm/Projects/PodcastAvatarsApp/podcast_content/output/shorts/temp_subtitle_4.srt':force_style='FontName=Candara-Bold,FontSize=10,PrimaryColour=&H00FFFFFF,BorderStyle=1,Outline=2,Alignment=2,MarginV=60,BackColour=white'[final_v];[0:a]asetpts=PTS-STARTPTS[final_a] -map [final_v] -map [final_a] -c:v h264_nvenc -preset p7 -b:v 5000k -c:a aac -b:a 192k F:\Development\PyCharm\Projects\PodcastAvatarsApp\podcast_content\output\shorts\short_288ee78b-6c3c-48da-9801-d180c2b869f0.mp4
2025-11-08 09:19:11,572 - INFO - clip_generator:201 - Progress [██████████████████████████████] 100.00% - Process completed successfully!
2025-11-08 09:19:11,572 - INFO - clip_generator:405 - Generated clip with subtitles: F:\Development\PyCharm\Projects\PodcastAvatarsApp\podcast_content\output\shorts\short_288ee78b-6c3c-48da-9801-d180c2b869f0.mp4
2025-11-08 09:19:11,572 - INFO - clip_generator:330 - Processing clip 5 with start_time=219.78s
2025-11-08 09:19:11,573 - WARNING - subtitle_generator:94 - Invalid timing for segment at 304.94s: start=85.16, end=85.16, skipping
2025-11-08 09:19:11,574 - INFO - subtitle_generator:108 - SRT file created: F:\Development\PyCharm\Projects\PodcastAvatarsApp\podcast_content\output\shorts\temp_subtitle_5.srt
2025-11-08 09:19:11,575 - INFO - clip_generator:363 - Formatted subtitles path for FFmpeg: F\:/Development/PyCharm/Projects/PodcastAvatarsApp/podcast_content/output/shorts/temp_subtitle_5.srt
2025-11-08 09:19:11,575 - INFO - clip_generator:367 - FFmpeg subtitle style: FontName=Candara-Bold,FontSize=10,PrimaryColour=&H00FFFFFF,BorderStyle=1,Outline=2,Alignment=2,MarginV=60
2025-11-08 09:19:11,575 - INFO - clip_generator:371 - FFmpeg subtitle style: FontName=Candara-Bold,FontSize=10,PrimaryColour=&H00FFFFFF,BorderStyle=1,Outline=2,Alignment=2,MarginV=60,BackColour=white
2025-11-08 09:19:11,575 - INFO - clip_generator:138 - Starting FFmpeg for clip 5: ffmpeg -y -progress pipe:2 -y -hwaccel cuda -ss 219.78 -i F:\Development\PyCharm\Projects\PodcastAvatarsApp\podcast_content\temp\output_6c4ee41e-db26-4b7e-906b-e427c486f44d.mp4 -t 85.16 -filter_complex [0:v]crop='if(gt(ih,iw/0.5625),iw,ih*0.5625)':ih,scale='if(gt(iw,ih/0.5625),iw,ih*0.5625)':ih:force_original_aspect_ratio=increase,scale=1080:1920:force_original_aspect_ratio=decrease,pad=1080:1920:(ow-iw)/2:(oh-ih)/2,setsar=1,subtitles='F\:/Development/PyCharm/Projects/PodcastAvatarsApp/podcast_content/output/shorts/temp_subtitle_5.srt':force_style='FontName=Candara-Bold,FontSize=10,PrimaryColour=&H00FFFFFF,BorderStyle=1,Outline=2,Alignment=2,MarginV=60,BackColour=white'[final_v];[0:a]asetpts=PTS-STARTPTS[final_a] -map [final_v] -map [final_a] -c:v h264_nvenc -preset p7 -b:v 5000k -c:a aac -b:a 192k F:\Development\PyCharm\Projects\PodcastAvatarsApp\podcast_content\output\shorts\short_e053889f-aecb-4240-b9bb-f1fbf04bf98a.mp4
2025-11-08 09:19:23,984 - INFO - clip_generator:201 - Progress [██████████████████████████████] 100.00% - Process completed successfully!
2025-11-08 09:19:24,089 - INFO - clip_generator:405 - Generated clip with subtitles: F:\Development\PyCharm\Projects\PodcastAvatarsApp\podcast_content\output\shorts\short_e053889f-aecb-4240-b9bb-f1fbf04bf98a.mp4
2025-11-08 09:19:24,089 - INFO - clip_generator:428 - Generated 5 clips: ['F:\\Development\\PyCharm\\Projects\\PodcastAvatarsApp\\podcast_content\\output\\shorts\\short_13423fdc-f108-47fc-929b-ef2a9023f8ac.mp4', 'F:\\Development\\PyCharm\\Projects\\PodcastAvatarsApp\\podcast_content\\output\\shorts\\short_376e9935-edef-4bca-b425-3b00f2edc38c.mp4', 'F:\\Development\\PyCharm\\Projects\\PodcastAvatarsApp\\podcast_content\\output\\shorts\\short_26da8d33-243c-47e8-943d-30c7bfafe4d8.mp4', 'F:\\Development\\PyCharm\\Projects\\PodcastAvatarsApp\\podcast_content\\output\\shorts\\short_288ee78b-6c3c-48da-9801-d180c2b869f0.mp4', 'F:\\Development\\PyCharm\\Projects\\PodcastAvatarsApp\\podcast_content\\output\\shorts\\short_e053889f-aecb-4240-b9bb-f1fbf04bf98a.mp4']
2025-11-08 09:19:24,224 - INFO - video_processor:182 - Video resources released
2025-11-08 09:19:24,224 - INFO - video_processor:182 - Video resources released
2025-11-08 09:31:11,791 - INFO - video_processor:42 - Video loaded: F:\Development\PyCharm\Projects\PodcastAvatarsApp\podcast_content\temp\output_6c4ee41e-db26-4b7e-906b-e427c486f44d.mp4, duration: 384.23333333333335s, fps: 30.0
2025-11-08 09:31:14,123 - INFO - audio_transcriber:32 - Whisper model 'base' loaded on cuda
2025-11-08 09:31:17,307 - INFO - content_analyzer:49 - CLIP model loaded on cuda
2025-11-08 09:31:26,543 - INFO - content_analyzer:62 - Sentiment analysis model loaded
2025-11-08 09:31:26,544 - INFO - subtitle_generator:31 - Initialized SubtitleGenerator
2025-11-08 09:31:26,544 - INFO - clip_generator:47 - Initialized ClipGenerator with video: F:\Development\PyCharm\Projects\PodcastAvatarsApp\podcast_content\temp\output_6c4ee41e-db26-4b7e-906b-e427c486f44d.mp4, output_dir: F:\Development\PyCharm\Projects\PodcastAvatarsApp\podcast_content\output\shorts, CUDA available: True, use_background: True, background_color: white
2025-11-08 09:31:26,544 - INFO - clip_generator:51 - CUDA device: NVIDIA GeForce GTX 1050
2025-11-08 09:31:29,266 - INFO - video_processor:67 - Audio extracted to: temp_audio.wav
2025-11-08 09:31:29,289 - INFO - clip_generator:330 - Processing clip 1 with start_time=89.16s
2025-11-08 09:31:29,290 - WARNING - subtitle_generator:94 - Invalid timing for segment at 178.9s: start=89.74000000000001, end=89.74000000000001, skipping
2025-11-08 09:31:29,291 - INFO - subtitle_generator:108 - SRT file created: F:\Development\PyCharm\Projects\PodcastAvatarsApp\podcast_content\output\shorts\temp_subtitle_1.srt
2025-11-08 09:31:29,292 - INFO - clip_generator:363 - Formatted subtitles path for FFmpeg: F\:/Development/PyCharm/Projects/PodcastAvatarsApp/podcast_content/output/shorts/temp_subtitle_1.srt
2025-11-08 09:31:29,292 - INFO - clip_generator:367 - FFmpeg subtitle style: FontName=Candara-Bold,FontSize=10,PrimaryColour=&H00FFFFFF,BorderStyle=1,Outline=2,Alignment=2,MarginV=60
2025-11-08 09:31:29,293 - INFO - clip_generator:371 - FFmpeg subtitle style: FontName=Candara-Bold,FontSize=10,PrimaryColour=&H00FFFFFF,BorderStyle=1,Outline=2,Alignment=2,MarginV=60,BackColour=white
2025-11-08 09:31:29,293 - INFO - clip_generator:138 - Starting FFmpeg for clip 1: ffmpeg -y -progress pipe:2 -y -hwaccel cuda -ss 89.16 -i F:\Development\PyCharm\Projects\PodcastAvatarsApp\podcast_content\temp\output_6c4ee41e-db26-4b7e-906b-e427c486f44d.mp4 -t 89.74000000000001 -filter_complex [0:v]crop='if(gt(ih,iw/0.5625),iw,ih*0.5625)':ih,scale='if(gt(iw,ih/0.5625),iw,ih*0.5625)':ih:force_original_aspect_ratio=increase,scale=1080:1920:force_original_aspect_ratio=decrease,pad=1080:1920:(ow-iw)/2:(oh-ih)/2,setsar=1,subtitles='F\:/Development/PyCharm/Projects/PodcastAvatarsApp/podcast_content/output/shorts/temp_subtitle_1.srt':force_style='FontName=Candara-Bold,FontSize=10,PrimaryColour=&H00FFFFFF,BorderStyle=1,Outline=2,Alignment=2,MarginV=60,BackColour=white'[final_v];[0:a]asetpts=PTS-STARTPTS[final_a] -map [final_v] -map [final_a] -c:v h264_nvenc -preset p7 -b:v 5000k -c:a aac -b:a 192k F:\Development\PyCharm\Projects\PodcastAvatarsApp\podcast_content\output\shorts\short_dadc3fbe-7c1b-40bd-b2ac-f6ed646901c0.mp4
2025-11-08 09:31:47,169 - INFO - clip_generator:201 - Progress [██████████████████████████████] 100.00% - Process completed successfully!
2025-11-08 09:31:47,169 - INFO - clip_generator:405 - Generated clip with subtitles: F:\Development\PyCharm\Projects\PodcastAvatarsApp\podcast_content\output\shorts\short_dadc3fbe-7c1b-40bd-b2ac-f6ed646901c0.mp4
2025-11-08 09:31:47,169 - INFO - clip_generator:330 - Processing clip 2 with start_time=0.0s
2025-11-08 09:31:47,170 - WARNING - subtitle_generator:94 - Invalid timing for segment at 89.16s: start=89.16, end=89.16, skipping
2025-11-08 09:31:47,171 - INFO - subtitle_generator:108 - SRT file created: F:\Development\PyCharm\Projects\PodcastAvatarsApp\podcast_content\output\shorts\temp_subtitle_2.srt
2025-11-08 09:31:47,171 - INFO - clip_generator:363 - Formatted subtitles path for FFmpeg: F\:/Development/PyCharm/Projects/PodcastAvatarsApp/podcast_content/output/shorts/temp_subtitle_2.srt
2025-11-08 09:31:47,172 - INFO - clip_generator:367 - FFmpeg subtitle style: FontName=Candara-Bold,FontSize=10,PrimaryColour=&H00FFFFFF,BorderStyle=1,Outline=2,Alignment=2,MarginV=60
2025-11-08 09:31:47,172 - INFO - clip_generator:371 - FFmpeg subtitle style: FontName=Candara-Bold,FontSize=10,PrimaryColour=&H00FFFFFF,BorderStyle=1,Outline=2,Alignment=2,MarginV=60,BackColour=white
2025-11-08 09:31:47,172 - INFO - clip_generator:138 - Starting FFmpeg for clip 2: ffmpeg -y -progress pipe:2 -y -hwaccel cuda -ss 0.0 -i F:\Development\PyCharm\Projects\PodcastAvatarsApp\podcast_content\temp\output_6c4ee41e-db26-4b7e-906b-e427c486f44d.mp4 -t 89.16 -filter_complex [0:v]crop='if(gt(ih,iw/0.5625),iw,ih*0.5625)':ih,scale='if(gt(iw,ih/0.5625),iw,ih*0.5625)':ih:force_original_aspect_ratio=increase,scale=1080:1920:force_original_aspect_ratio=decrease,pad=1080:1920:(ow-iw)/2:(oh-ih)/2,setsar=1,subtitles='F\:/Development/PyCharm/Projects/PodcastAvatarsApp/podcast_content/output/shorts/temp_subtitle_2.srt':force_style='FontName=Candara-Bold,FontSize=10,PrimaryColour=&H00FFFFFF,BorderStyle=1,Outline=2,Alignment=2,MarginV=60,BackColour=white'[final_v];[0:a]asetpts=PTS-STARTPTS[final_a] -map [final_v] -map [final_a] -c:v h264_nvenc -preset p7 -b:v 5000k -c:a aac -b:a 192k F:\Development\PyCharm\Projects\PodcastAvatarsApp\podcast_content\output\shorts\short_31ad5014-1602-4acd-9fde-9a87ab707962.mp4
2025-11-08 09:32:07,171 - INFO - clip_generator:201 - Progress [██████████████████████████████] 100.00% - Process completed successfully!
2025-11-08 09:32:07,171 - INFO - clip_generator:405 - Generated clip with subtitles: F:\Development\PyCharm\Projects\PodcastAvatarsApp\podcast_content\output\shorts\short_31ad5014-1602-4acd-9fde-9a87ab707962.mp4
2025-11-08 09:32:07,171 - INFO - clip_generator:330 - Processing clip 3 with start_time=346.65999999999997s
2025-11-08 09:32:07,171 - WARNING - clip_generator:110 - Calculated duration 37.60000000000002s is less than min_duration 60s, using max_duration 90s
2025-11-08 09:32:07,173 - INFO - subtitle_generator:108 - SRT file created: F:\Development\PyCharm\Projects\PodcastAvatarsApp\podcast_content\output\shorts\temp_subtitle_3.srt
2025-11-08 09:32:07,173 - INFO - clip_generator:363 - Formatted subtitles path for FFmpeg: F\:/Development/PyCharm/Projects/PodcastAvatarsApp/podcast_content/output/shorts/temp_subtitle_3.srt
2025-11-08 09:32:07,173 - INFO - clip_generator:367 - FFmpeg subtitle style: FontName=Candara-Bold,FontSize=10,PrimaryColour=&H00FFFFFF,BorderStyle=1,Outline=2,Alignment=2,MarginV=60
2025-11-08 09:32:07,173 - INFO - clip_generator:371 - FFmpeg subtitle style: FontName=Candara-Bold,FontSize=10,PrimaryColour=&H00FFFFFF,BorderStyle=1,Outline=2,Alignment=2,MarginV=60,BackColour=white
2025-11-08 09:32:07,174 - INFO - clip_generator:138 - Starting FFmpeg for clip 3: ffmpeg -y -progress pipe:2 -y -hwaccel cuda -ss 346.65999999999997 -i F:\Development\PyCharm\Projects\PodcastAvatarsApp\podcast_content\temp\output_6c4ee41e-db26-4b7e-906b-e427c486f44d.mp4 -t 90 -filter_complex [0:v]crop='if(gt(ih,iw/0.5625),iw,ih*0.5625)':ih,scale='if(gt(iw,ih/0.5625),iw,ih*0.5625)':ih:force_original_aspect_ratio=increase,scale=1080:1920:force_original_aspect_ratio=decrease,pad=1080:1920:(ow-iw)/2:(oh-ih)/2,setsar=1,subtitles='F\:/Development/PyCharm/Projects/PodcastAvatarsApp/podcast_content/output/shorts/temp_subtitle_3.srt':force_style='FontName=Candara-Bold,FontSize=10,PrimaryColour=&H00FFFFFF,BorderStyle=1,Outline=2,Alignment=2,MarginV=60,BackColour=white'[final_v];[0:a]asetpts=PTS-STARTPTS[final_a] -map [final_v] -map [final_a] -c:v h264_nvenc -preset p7 -b:v 5000k -c:a aac -b:a 192k F:\Development\PyCharm\Projects\PodcastAvatarsApp\podcast_content\output\shorts\short_b6ce9b92-101b-4e6f-9b5d-113cf41975d5.mp4
2025-11-08 09:32:15,832 - INFO - clip_generator:201 - Progress [██████████████████████████████] 100.00% - Process completed successfully!
2025-11-08 09:32:15,832 - INFO - clip_generator:405 - Generated clip with subtitles: F:\Development\PyCharm\Projects\PodcastAvatarsApp\podcast_content\output\shorts\short_b6ce9b92-101b-4e6f-9b5d-113cf41975d5.mp4
2025-11-08 09:32:15,832 - INFO - clip_generator:330 - Processing clip 4 with start_time=248.98s
2025-11-08 09:32:15,833 - WARNING - subtitle_generator:94 - Invalid timing for segment at 332.14s: start=83.16, end=83.16, skipping
2025-11-08 09:32:15,834 - INFO - subtitle_generator:108 - SRT file created: F:\Development\PyCharm\Projects\PodcastAvatarsApp\podcast_content\output\shorts\temp_subtitle_4.srt
2025-11-08 09:32:15,835 - INFO - clip_generator:363 - Formatted subtitles path for FFmpeg: F\:/Development/PyCharm/Projects/PodcastAvatarsApp/podcast_content/output/shorts/temp_subtitle_4.srt
2025-11-08 09:32:15,835 - INFO - clip_generator:367 - FFmpeg subtitle style: FontName=Candara-Bold,FontSize=10,PrimaryColour=&H00FFFFFF,BorderStyle=1,Outline=2,Alignment=2,MarginV=60
2025-11-08 09:32:15,835 - INFO - clip_generator:371 - FFmpeg subtitle style: FontName=Candara-Bold,FontSize=10,PrimaryColour=&H00FFFFFF,BorderStyle=1,Outline=2,Alignment=2,MarginV=60,BackColour=white
2025-11-08 09:32:15,835 - INFO - clip_generator:138 - Starting FFmpeg for clip 4: ffmpeg -y -progress pipe:2 -y -hwaccel cuda -ss 248.98 -i F:\Development\PyCharm\Projects\PodcastAvatarsApp\podcast_content\temp\output_6c4ee41e-db26-4b7e-906b-e427c486f44d.mp4 -t 83.16 -filter_complex [0:v]crop='if(gt(ih,iw/0.5625),iw,ih*0.5625)':ih,scale='if(gt(iw,ih/0.5625),iw,ih*0.5625)':ih:force_original_aspect_ratio=increase,scale=1080:1920:force_original_aspect_ratio=decrease,pad=1080:1920:(ow-iw)/2:(oh-ih)/2,setsar=1,subtitles='F\:/Development/PyCharm/Projects/PodcastAvatarsApp/podcast_content/output/shorts/temp_subtitle_4.srt':force_style='FontName=Candara-Bold,FontSize=10,PrimaryColour=&H00FFFFFF,BorderStyle=1,Outline=2,Alignment=2,MarginV=60,BackColour=white'[final_v];[0:a]asetpts=PTS-STARTPTS[final_a] -map [final_v] -map [final_a] -c:v h264_nvenc -preset p7 -b:v 5000k -c:a aac -b:a 192k F:\Development\PyCharm\Projects\PodcastAvatarsApp\podcast_content\output\shorts\short_51d5374e-4fed-44e7-8a71-5eb44b3a5080.mp4
2025-11-08 09:32:28,216 - INFO - clip_generator:201 - Progress [██████████████████████████████] 100.00% - Process completed successfully!
2025-11-08 09:32:28,216 - INFO - clip_generator:405 - Generated clip with subtitles: F:\Development\PyCharm\Projects\PodcastAvatarsApp\podcast_content\output\shorts\short_51d5374e-4fed-44e7-8a71-5eb44b3a5080.mp4
2025-11-08 09:32:28,217 - INFO - clip_generator:330 - Processing clip 5 with start_time=219.78s
2025-11-08 09:32:28,217 - WARNING - subtitle_generator:94 - Invalid timing for segment at 304.94s: start=85.16, end=85.16, skipping
2025-11-08 09:32:28,218 - INFO - subtitle_generator:108 - SRT file created: F:\Development\PyCharm\Projects\PodcastAvatarsApp\podcast_content\output\shorts\temp_subtitle_5.srt
2025-11-08 09:32:28,219 - INFO - clip_generator:363 - Formatted subtitles path for FFmpeg: F\:/Development/PyCharm/Projects/PodcastAvatarsApp/podcast_content/output/shorts/temp_subtitle_5.srt
2025-11-08 09:32:28,219 - INFO - clip_generator:367 - FFmpeg subtitle style: FontName=Candara-Bold,FontSize=10,PrimaryColour=&H00FFFFFF,BorderStyle=1,Outline=2,Alignment=2,MarginV=60
2025-11-08 09:32:28,219 - INFO - clip_generator:371 - FFmpeg subtitle style: FontName=Candara-Bold,FontSize=10,PrimaryColour=&H00FFFFFF,BorderStyle=1,Outline=2,Alignment=2,MarginV=60,BackColour=white
2025-11-08 09:32:28,220 - INFO - clip_generator:138 - Starting FFmpeg for clip 5: ffmpeg -y -progress pipe:2 -y -hwaccel cuda -ss 219.78 -i F:\Development\PyCharm\Projects\PodcastAvatarsApp\podcast_content\temp\output_6c4ee41e-db26-4b7e-906b-e427c486f44d.mp4 -t 85.16 -filter_complex [0:v]crop='if(gt(ih,iw/0.5625),iw,ih*0.5625)':ih,scale='if(gt(iw,ih/0.5625),iw,ih*0.5625)':ih:force_original_aspect_ratio=increase,scale=1080:1920:force_original_aspect_ratio=decrease,pad=1080:1920:(ow-iw)/2:(oh-ih)/2,setsar=1,subtitles='F\:/Development/PyCharm/Projects/PodcastAvatarsApp/podcast_content/output/shorts/temp_subtitle_5.srt':force_style='FontName=Candara-Bold,FontSize=10,PrimaryColour=&H00FFFFFF,BorderStyle=1,Outline=2,Alignment=2,MarginV=60,BackColour=white'[final_v];[0:a]asetpts=PTS-STARTPTS[final_a] -map [final_v] -map [final_a] -c:v h264_nvenc -preset p7 -b:v 5000k -c:a aac -b:a 192k F:\Development\PyCharm\Projects\PodcastAvatarsApp\podcast_content\output\shorts\short_872cc430-0b2f-4738-a068-473cb4695a93.mp4
2025-11-08 09:32:45,950 - INFO - clip_generator:201 - Progress [██████████████████████████████] 100.00% - Process completed successfully!
2025-11-08 09:32:45,950 - INFO - clip_generator:405 - Generated clip with subtitles: F:\Development\PyCharm\Projects\PodcastAvatarsApp\podcast_content\output\shorts\short_872cc430-0b2f-4738-a068-473cb4695a93.mp4
2025-11-08 09:32:45,950 - INFO - clip_generator:428 - Generated 5 clips: ['F:\\Development\\PyCharm\\Projects\\PodcastAvatarsApp\\podcast_content\\output\\shorts\\short_dadc3fbe-7c1b-40bd-b2ac-f6ed646901c0.mp4', 'F:\\Development\\PyCharm\\Projects\\PodcastAvatarsApp\\podcast_content\\output\\shorts\\short_31ad5014-1602-4acd-9fde-9a87ab707962.mp4', 'F:\\Development\\PyCharm\\Projects\\PodcastAvatarsApp\\podcast_content\\output\\shorts\\short_b6ce9b92-101b-4e6f-9b5d-113cf41975d5.mp4', 'F:\\Development\\PyCharm\\Projects\\PodcastAvatarsApp\\podcast_content\\output\\shorts\\short_51d5374e-4fed-44e7-8a71-5eb44b3a5080.mp4', 'F:\\Development\\PyCharm\\Projects\\PodcastAvatarsApp\\podcast_content\\output\\shorts\\short_872cc430-0b2f-4738-a068-473cb4695a93.mp4']
2025-11-08 09:32:46,022 - INFO - video_processor:182 - Video resources released
2025-11-08 09:32:46,022 - INFO - video_processor:182 - Video resources released
